Determining if the pthread_create exist failed with the following output:
Change Dir: /home/cquer/2023_qingzhou/build/CMakeFiles/CMakeTmp

Run Build Command:"/usr/bin/make" "cmTC_662ed/fast"
/usr/bin/make -f CMakeFiles/cmTC_662ed.dir/build.make CMakeFiles/cmTC_662ed.dir/build
make[1]: Entering directory '/home/cquer/2023_qingzhou/build/CMakeFiles/CMakeTmp'
Building C object CMakeFiles/cmTC_662ed.dir/CheckSymbolExists.c.o
/usr/bin/cc    -o CMakeFiles/cmTC_662ed.dir/CheckSymbolExists.c.o   -c /home/cquer/2023_qingzhou/build/CMakeFiles/CMakeTmp/CheckSymbolExists.c
Linking C executable cmTC_662ed
/usr/bin/cmake -E cmake_link_script CMakeFiles/cmTC_662ed.dir/link.txt --verbose=1
/usr/bin/cc      -rdynamic CMakeFiles/cmTC_662ed.dir/CheckSymbolExists.c.o  -o cmTC_662ed 
CMakeFiles/cmTC_662ed.dir/CheckSymbolExists.c.o: In function `main':
CheckSymbolExists.c:(.text+0x14): undefined reference to `pthread_create'
CheckSymbolExists.c:(.text+0x18): undefined reference to `pthread_create'
collect2: error: ld returned 1 exit status
CMakeFiles/cmTC_662ed.dir/build.make:97: recipe for target 'cmTC_662ed' failed
make[1]: *** [cmTC_662ed] Error 1
make[1]: Leaving directory '/home/cquer/2023_qingzhou/build/CMakeFiles/CMakeTmp'
Makefile:126: recipe for target 'cmTC_662ed/fast' failed
make: *** [cmTC_662ed/fast] Error 2

File /home/cquer/2023_qingzhou/build/CMakeFiles/CMakeTmp/CheckSymbolExists.c:
/* */
#include <pthread.h>

int main(int argc, char** argv)
{
  (void)argv;
#ifndef pthread_create
  return ((int*)(&pthread_create))[argc];
#else
  (void)argc;
  return 0;
#endif
}

Determining if the function pthread_create exists in the pthreads failed with the following output:
Change Dir: /home/cquer/2023_qingzhou/build/CMakeFiles/CMakeTmp

Run Build Command:"/usr/bin/make" "cmTC_7e67b/fast"
/usr/bin/make -f CMakeFiles/cmTC_7e67b.dir/build.make CMakeFiles/cmTC_7e67b.dir/build
make[1]: Entering directory '/home/cquer/2023_qingzhou/build/CMakeFiles/CMakeTmp'
Building C object CMakeFiles/cmTC_7e67b.dir/CheckFunctionExists.c.o
/usr/bin/cc   -DCHECK_FUNCTION_EXISTS=pthread_create   -o CMakeFiles/cmTC_7e67b.dir/CheckFunctionExists.c.o   -c /usr/share/cmake-3.10/Modules/CheckFunctionExists.c
Linking C executable cmTC_7e67b
/usr/bin/cmake -E cmake_link_script CMakeFiles/cmTC_7e67b.dir/link.txt --verbose=1
/usr/bin/cc  -DCHECK_FUNCTION_EXISTS=pthread_create    -rdynamic CMakeFiles/cmTC_7e67b.dir/CheckFunctionExists.c.o  -o cmTC_7e67b -lpthreads 
/usr/bin/ld: cannot find -lpthreads
collect2: error: ld returned 1 exit status
CMakeFiles/cmTC_7e67b.dir/build.make:97: recipe for target 'cmTC_7e67b' failed
make[1]: *** [cmTC_7e67b] Error 1
make[1]: Leaving directory '/home/cquer/2023_qingzhou/build/CMakeFiles/CMakeTmp'
Makefile:126: recipe for target 'cmTC_7e67b/fast' failed
make: *** [cmTC_7e67b/fast] Error 2


Determining if the include file pgm.h exists failed with the following output:
Change Dir: /home/cquer/2023_qingzhou/build/CMakeFiles/CMakeTmp

Run Build Command:"/usr/bin/make" "cmTC_6c35c/fast"
/usr/bin/make -f CMakeFiles/cmTC_6c35c.dir/build.make CMakeFiles/cmTC_6c35c.dir/build
make[1]: Entering directory '/home/cquer/2023_qingzhou/build/CMakeFiles/CMakeTmp'
Building CXX object CMakeFiles/cmTC_6c35c.dir/CheckIncludeFile.cxx.o
/usr/bin/c++     -o CMakeFiles/cmTC_6c35c.dir/CheckIncludeFile.cxx.o -c /home/cquer/2023_qingzhou/build/CMakeFiles/CMakeTmp/CheckIncludeFile.cxx
/home/cquer/2023_qingzhou/build/CMakeFiles/CMakeTmp/CheckIncludeFile.cxx:1:10: fatal error: pgm.h: No such file or directory
 #include <pgm.h>
          ^~~~~~~
compilation terminated.
CMakeFiles/cmTC_6c35c.dir/build.make:65: recipe for target 'CMakeFiles/cmTC_6c35c.dir/CheckIncludeFile.cxx.o' failed
make[1]: *** [CMakeFiles/cmTC_6c35c.dir/CheckIncludeFile.cxx.o] Error 1
make[1]: Leaving directory '/home/cquer/2023_qingzhou/build/CMakeFiles/CMakeTmp'
Makefile:126: recipe for target 'cmTC_6c35c/fast' failed
make: *** [cmTC_6c35c/fast] Error 2


